id	priority	createdTime	startedTime	terminatedTime	cpuTime	blockedTime	turnaroundTime	waitingTime	responseTime
1	0	0	0	37	10	27	37	0	0
2	0	161	161	167	6	0	6	0	0
5	0	354	354	451	36	32	97	29	0
6	0	438	439	452	7	0	14	7	1
7	0	528	530	532	2	0	4	2	2
8	0	530	534	551	4	13	21	4	4
9	0	641	642	735	34	37	94	23	1
4	0	345	345	748	96	228	403	79	0
3	0	178	178	780	221	292	602	89	0
10	0	1039	1039	1046	7	0	7	0	0
11	0	1062	1062	1265	79	124	203	0	0
13	0	1864	1864	1876	12	0	12	0	0
14	0	1985	1985	2097	47	49	112	16	0
12	0	1378	1378	2114	140	578	736	18	0
15	0	1988	1988	2116	46	54	128	28	0
16	0	2449	2449	2461	7	5	12	0	0
18	0	2539	2539	2598	25	34	59	0	0
17	0	2487	2487	2612	20	105	125	0	0
19	0	2628	2628	2644	6	10	16	0	0
20	0	2663	2663	2748	43	42	85	0	0
21	0	2761	2761	2783	12	10	22	0	0
22	0	2864	2864	2865	1	0	1	0	0
23	0	2913	2913	2918	5	0	5	0	0
24	0	3009	3009	3011	2	0	2	0	0
25	0	3108	3108	3160	39	13	52	0	0
26	0	3351	3351	3375	18	6	24	0	0
27	0	3447	3447	3470	23	0	23	0	0
28	0	3558	3558	3640	40	42	82	0	0
29	0	3644	3644	3671	11	16	27	0	0
30	0	3742	3742	3959	91	126	217	0	0
31	0	3928	3928	4011	29	54	83	0	0
33	0	4367	4368	4473	28	60	106	18	1
32	0	4271	4271	4557	92	161	286	33	0
36	0	4676	4676	4789	61	24	113	28	0
37	0	4732	4732	4836	28	47	104	29	0
34	0	4394	4394	4837	98	288	443	57	0
35	0	4602	4603	4966	95	203	364	66	1
38	0	4866	4867	5047	22	147	181	12	1
40	0	5041	5041	5155	27	77	114	10	0
39	0	4949	4950	5165	98	93	216	25	1
42	0	5428	5429	5455	21	4	27	2	1
41	0	5413	5413	5509	41	52	96	3	0
44	0	5541	5541	5631	25	60	90	5	0
45	0	5631	5631	5643	10	2	12	0	0
43	0	5454	5455	5702	83	148	248	17	1
46	0	5682	5683	5831	24	115	149	10	1
47	0	5752	5752	5851	18	79	99	2	0
48	0	5865	5865	5884	19	0	19	0	0
49	0	5947	5947	6025	33	32	78	13	0
50	0	5974	5975	6072	42	40	98	16	1
0	0	0	0	6072	4088	0	6072	1984	0
