id	priority	createdTime	startedTime	terminatedTime	cpuTime	blockedTime	turnaroundTime	waitingTime	responseTime
1	0	0	0	39	39	0	39	0	0
2	0	159	159	347	142	46	188	0	0
3	0	258	290	378	37	4	120	79	32
4	0	350	378	538	56	103	188	29	28
5	0	479	479	562	42	14	83	27	0
7	0	1224	1224	1282	31	18	58	9	0
8	0	1330	1330	1348	18	0	18	0	0
6	0	1123	1123	1501	212	121	378	45	0
9	0	1387	1434	1759	175	72	372	125	47
12	0	1781	1783	1987	110	41	206	55	2
10	0	1626	1626	2130	233	110	504	161	0
11	0	1677	1692	2296	255	98	619	266	15
13	0	2326	2326	2393	52	15	67	0	0
14	0	2550	2550	2766	196	20	216	0	0
15	0	2790	2790	2850	60	0	60	0	0
17	0	2862	2862	2970	57	23	108	28	0
16	0	2792	2850	3001	83	36	209	90	58
18	0	3098	3098	3242	102	42	144	0	0
19	0	3528	3528	4013	197	77	485	211	0
23	0	3750	3845	4065	57	13	315	245	95
22	0	3634	3765	4159	134	14	525	377	131
21	0	3621	3658	4186	162	82	565	321	37
24	0	3791	3870	4308	55	52	517	410	79
20	0	3548	3608	4470	149	164	922	609	60
25	0	4083	4186	4487	171	65	404	168	103
28	0	4567	4573	4681	74	9	114	31	6
27	0	4517	4557	4704	39	14	187	134	40
26	0	4510	4510	4768	116	60	258	82	0
30	0	5029	5033	5191	14	48	162	100	4
29	0	5011	5011	5204	170	19	193	4	0
31	0	5558	5558	5650	83	9	92	0	0
33	0	5860	5876	5979	41	15	119	63	16
32	0	5815	5815	5993	137	22	178	19	0
34	0	6431	6431	6466	28	7	35	0	0
35	0	6524	6524	6572	19	24	48	5	0
36	0	6537	6537	6660	104	19	123	0	0
37	0	6578	6596	6663	7	11	85	67	18
38	0	7006	7006	7158	88	58	152	6	0
39	0	7124	7124	7253	108	11	129	10	0
40	0	7328	7328	7464	58	78	136	0	0
42	0	7601	7663	7812	63	23	211	125	62
44	0	7837	7854	7992	103	3	155	49	17
43	0	7787	7812	8173	73	98	386	215	25
47	0	8059	8100	8365	34	21	306	251	41
48	0	8091	8109	8443	112	1	352	239	18
41	0	7530	7530	8497	284	213	967	470	0
45	0	7944	7992	8504	174	70	560	316	48
49	0	8094	8173	8542	102	52	448	294	79
46	0	8034	8095	8581	58	99	547	390	61
50	0	8147	8365	8680	58	170	533	305	218
0	0	0	0	8680	3708	0	8680	4972	0
