id	priority	createdTime	startedTime	terminatedTime	cpuTime	blockedTime	turnaroundTime	waitingTime	responseTime
1	0	0	0	61	22	39	61	0	0
2	0	698	698	726	28	0	28	0	0
3	0	868	868	883	15	0	15	0	0
4	0	899	899	967	44	24	68	0	0
5	0	1072	1072	1082	10	0	10	0	0
7	0	1242	1242	1325	19	63	83	1	0
8	0	1407	1407	1409	2	0	2	0	0
9	0	1434	1434	1518	37	43	84	4	0
6	0	1155	1155	1521	62	300	366	4	0
11	0	1791	1791	1796	5	0	5	0	0
10	0	1650	1650	2088	110	288	438	40	0
13	0	1976	1977	2193	23	149	217	45	1
12	0	1900	1901	2225	117	77	325	131	1
17	0	2142	2146	2234	20	1	92	71	4
14	0	2003	2005	2250	37	137	247	73	2
15	0	2120	2120	2314	65	13	194	116	0
16	0	2128	2128	2316	57	31	188	100	0
18	0	2372	2372	2378	6	0	6	0	0
19	0	3063	3063	3179	60	56	116	0	0
20	0	3208	3208	3254	12	34	46	0	0
21	0	3278	3278	3345	22	45	67	0	0
23	0	3618	3619	3665	9	31	47	7	1
22	0	3577	3577	3705	32	89	128	7	0
24	0	4307	4307	4350	18	25	43	0	0
25	0	4602	4602	4714	55	57	112	0	0
26	0	4906	4906	4969	25	38	63	0	0
27	0	5088	5088	5093	5	0	5	0	0
28	0	5111	5111	5272	63	98	161	0	0
29	0	5233	5233	5315	36	46	82	0	0
30	0	5242	5242	5501	67	191	259	1	0
31	0	6405	6405	6429	14	10	24	0	0
32	0	6546	6546	6654	34	63	108	11	0
33	0	6580	6580	6699	49	61	119	9	0
35	0	6942	6942	7012	13	52	70	5	0
36	0	7055	7055	7266	78	87	211	46	0
37	0	7119	7119	7336	76	67	217	74	0
34	0	6808	6808	7340	167	288	532	77	0
38	0	7230	7234	7388	50	16	158	92	4
42	0	7431	7436	7516	21	31	85	33	5
44	0	7512	7516	7518	2	0	6	4	4
39	0	7272	7276	7532	67	90	260	103	4
41	0	7421	7422	7550	39	44	129	46	1
40	0	7359	7360	7663	125	112	304	67	1
43	0	7433	7439	7679	33	166	246	47	6
45	0	7648	7648	7689	13	16	41	12	0
46	0	7649	7651	7738	43	22	89	24	2
47	0	7790	7790	7914	47	77	124	0	0
48	0	7899	7899	7930	11	20	31	0	0
49	0	8010	8010	8062	21	31	52	0	0
50	0	8179	8179	8413	109	125	234	0	0
0	0	0	0	8413	6318	0	8413	2095	0
