id	priority	createdTime	startedTime	terminatedTime	cpuTime	blockedTime	turnaroundTime	waitingTime	responseTime
1	0	0	0	133	113	20	133	0	0
3	0	109	134	268	43	23	159	93	25
2	0	64	80	329	106	74	265	85	16
5	0	320	329	353	24	0	33	9	9
6	0	329	353	444	35	5	115	75	24
8	0	448	450	489	39	0	41	2	2
7	0	403	444	551	42	58	148	48	41
4	0	236	287	729	230	142	493	121	51
9	0	672	691	791	76	10	119	33	19
11	0	950	950	965	15	0	15	0	0
10	0	857	857	991	106	19	134	9	0
12	0	995	995	1094	90	9	99	0	0
13	0	1490	1490	1685	162	33	195	0	0
14	0	1651	1685	1758	67	6	107	34	34
15	0	1694	1721	1861	95	28	167	44	27
16	0	1744	1758	1947	82	87	203	34	14
17	0	1950	1950	2043	39	54	93	0	0
19	0	2167	2167	2325	97	23	158	38	0
18	0	2104	2104	2422	152	127	318	39	0
20	0	2741	2741	2811	59	11	70	0	0
21	0	2960	2960	3233	192	34	273	47	0
23	0	3248	3261	3306	45	0	58	13	13
25	0	3275	3306	3338	32	0	63	31	31
22	0	3155	3155	3485	153	84	330	93	0
24	0	3257	3382	3507	70	55	250	125	125
26	0	3524	3524	3654	84	46	130	0	0
28	0	3886	3978	4166	57	10	280	213	92
30	0	4057	4081	4211	87	1	154	66	24
27	0	3856	3856	4320	298	82	464	84	0
29	0	3995	4061	4465	143	25	470	302	66
31	0	4649	4649	4656	7	0	7	0	0
32	0	4661	4661	4698	37	0	37	0	0
34	0	4727	4798	4908	50	18	181	113	71
33	0	4687	4698	5088	172	15	401	214	11
36	0	4778	4786	5168	65	76	390	249	8
38	0	5116	5168	5369	53	43	253	157	52
37	0	4884	4886	5679	132	58	795	605	2
39	0	5237	5369	5707	204	46	470	220	132
40	0	5474	5707	5820	113	0	346	233	233
42	0	5948	5948	6102	68	35	154	51	0
35	0	4744	4829	6125	468	250	1381	663	85
41	0	5659	5679	6282	115	325	623	183	20
43	0	6565	6565	6577	11	1	12	0	0
44	0	6719	6719	6768	32	17	49	0	0
45	0	6813	6813	6817	4	0	4	0	0
46	0	6909	6909	7000	24	67	91	0	0
47	0	7029	7029	7134	90	15	105	0	0
49	0	7345	7358	7424	16	18	79	45	13
48	0	7163	7163	7475	183	129	312	0	0
50	0	7685	7685	7739	49	5	54	0	0
0	0	0	0	7739	3013	0	7739	4726	0
