id	priority	createdTime	startedTime	terminatedTime	cpuTime	blockedTime	turnaroundTime	waitingTime	responseTime
1	0	0	0	26	26	0	26	0	0
3	0	258	258	307	25	4	49	20	0
2	0	159	159	321	95	46	162	21	0
4	0	350	350	500	37	103	150	10	0
5	0	479	480	532	28	14	53	11	1
7	0	1224	1224	1262	20	18	38	0	0
8	0	1330	1334	1352	12	0	22	10	4
6	0	1123	1123	1401	142	121	278	15	0
9	0	1387	1391	1585	117	72	198	9	4
12	0	1781	1781	1999	74	41	218	103	0
10	0	1626	1626	2026	155	110	400	135	0
11	0	1677	1678	2089	171	98	412	143	1
13	0	2326	2326	2376	35	15	50	0	0
14	0	2550	2550	2702	132	20	152	0	0
15	0	2790	2790	2851	40	0	61	21	0
16	0	2792	2795	2919	56	36	127	35	3
17	0	2862	2865	2936	39	23	74	12	3
18	0	3098	3098	3208	68	42	110	0	0
23	0	3750	3762	3984	39	13	234	182	12
22	0	3634	3638	3992	90	14	358	254	4
19	0	3528	3528	3998	132	77	470	261	0
24	0	3791	3808	4031	38	52	240	150	17
21	0	3621	3623	4044	109	82	423	232	2
20	0	3548	3552	4057	101	164	509	244	4
25	0	4083	4083	4263	115	65	180	0	0
27	0	4517	4520	4570	26	14	53	13	3
28	0	4567	4570	4643	49	9	76	18	3
26	0	4510	4510	4676	77	60	166	29	0
30	0	5029	5029	5089	10	48	60	2	0
29	0	5011	5011	5154	114	19	143	10	0
31	0	5558	5558	5623	56	9	65	0	0
33	0	5860	5863	5927	28	15	67	24	3
32	0	5815	5815	5956	92	22	141	27	0
34	0	6431	6431	6457	19	7	26	0	0
35	0	6524	6524	6560	12	24	36	0	0
37	0	6578	6578	6596	5	11	18	2	0
36	0	6537	6537	6631	70	19	94	5	0
38	0	7006	7006	7123	59	58	117	0	0
39	0	7124	7124	7208	73	11	84	0	0
40	0	7328	7328	7445	39	78	117	0	0
42	0	7601	7605	7707	43	23	106	40	4
44	0	7837	7839	7931	68	3	94	23	2
43	0	7787	7787	7966	49	98	179	32	0
41	0	7530	7530	7982	191	213	452	48	0
47	0	8059	8066	8203	23	21	144	100	7
46	0	8034	8034	8273	40	99	239	100	0
45	0	7944	7944	8279	117	70	335	148	0
48	0	8091	8097	8304	75	1	213	137	6
49	0	8094	8107	8348	68	52	254	134	13
50	0	8147	8168	8438	40	170	291	81	21
0	0	0	0	8438	5099	0	8438	3339	0
